<?xml version="1.0" encoding="UTF-8"?>
<!-- Generated by org.testng.reporters.JUnitReportReporter -->
<testsuite hostname="Prakat-L-032" name="learningTestNg.TestNgAnnotation" tests="2" failures="0" timestamp="22 Jan 2017 06:17:18 GMT" time="0.038" errors="0">
  <testcase name="test2" time="0.020" classname="learningTestNg.TestNgAnnotation"/>
  <testcase name="test1" time="0.018" classname="learningTestNg.TestNgAnnotation"/>
</testsuite> <!-- learningTestNg.TestNgAnnotation -->
